-------------------------------------------------------------------------------
Test set: com.parkit.parkingsystem.integration.ParkingDataBaseIT
-------------------------------------------------------------------------------
Tests run: 4, Failures: 1, Errors: 0, Skipped: 0, Time elapsed: 86.524 s <<< FAILURE! - in com.parkit.parkingsystem.integration.ParkingDataBaseIT
testParkingCarLotExit  Time elapsed: 65.757 s  <<< FAILURE!
org.opentest4j.AssertionFailedError: expected: <2> but was: <3>
	at com.parkit.parkingsystem.integration.ParkingDataBaseIT.testParkingCar(ParkingDataBaseIT.java:83)
	at com.parkit.parkingsystem.integration.ParkingDataBaseIT.testParkingCarLotExit(ParkingDataBaseIT.java:151)

